[2026-07-17 11:24:47]
==== Satellite Control Simulator ====
Satellite Name : CSS (TIANHE)            

-- Line 2 Info --
Norad Id       : 48274
Classification : U
CosparId       : 21035A  
Epoch_Year     : 26
Epoch_Day      : 193.330508
Decay Rate1    : 0.000008
Decay Rate2    : 0.000000
Bstar          : 0.00001470

-- Line 3 Info --
Inclination       : 41.4686
Raan              : 169.1964
Eccentricity      : 0.0002428
Perigee           : 290.9815
Mean_Anomaly      : 69.0763
Mean_Motion       : 15.58035041 orbits/day
Revolution_Number : 29709

-- SGP4 Real-time Position --
Latitude      : 41.1747 deg
Longtitude    : -124.0605 deg
Altitude      : 387.58 km
Speed         : 7.68 km/s

-- More Info --
Day_Distance_km   : Around 654374.717220
Period_min        : Around 92.424109
Data Age          : 123.48 hours ago
------------------------------------
[2026-07-17 11:29:11]
==== Satellite Control Simulator ====
Satellite Name : ISS (ZARYA)             

-- Line 2 Info --
Norad Id       : 25544
Classification : U
CosparId       : 98067A  
Epoch_Year     : 26
Epoch_Day      : 186.443766
Decay Rate1    : 0.000089
Decay Rate2    : 0.000000
Bstar          : 0.00017013

-- Line 3 Info --
Inclination       : 51.6303
Raan              : 209.7275
Eccentricity      : 0.0006727
Perigee           : 258.7638
Mean_Anomaly      : 101.2595
Mean_Motion       : 15.48905966 orbits/day
Revolution_Number : 57458

-- SGP4 Real-time Position --
Latitude      : -12.7049 deg
Longtitude    : -19.5559 deg
Altitude      : 422.82 km
Speed         : 7.66 km/s

-- More Info --
Day_Distance_km   : Around 650540.505720
Period_min        : Around 92.968846
Data Age          : 288.84 hours ago
------------------------------------
[2026-07-17 11:37:04]
==== Satellite Control Simulator ====
Satellite Name : ISS (ZARYA)             

-- Line 2 Info --
Norad Id       : 25544
Classification : U
CosparId       : 98067A  
Epoch_Year     : 26
Epoch_Day      : 186.443766
Decay Rate1    : 0.000089
Decay Rate2    : 0.000000
Bstar          : 0.00017013

-- Line 3 Info --
Inclination       : 51.6303
Raan              : 209.7275
Eccentricity      : 0.0006727
Perigee           : 258.7638
Mean_Anomaly      : 101.2595
Mean_Motion       : 15.48905966 orbits/day
Revolution_Number : 57458

-- SGP4 Real-time Position --
Latitude      : -34.8590 deg
Longtitude    : 3.6228 deg
Altitude      : 422.15 km
Speed         : 7.65 km/s

-- More Info --
Day_Distance_km   : Around 650540.505720
Period_min        : Around 92.968846
Data Age          : 288.97 hours ago
------------------------------------
